/BATCH  
/COM,ANSYS RELEASE 2020 R1           BUILD 20.1      UP20191203       18:00:57
/input,menust,tmp,''
/COM,ANSYS RELEASE 2020 R1           BUILD 20.1      UP20191203       18:00:57
/GRA,POWER
/GST,ON
/PLO,INFO,3
/GRO,CURL,ON
/CPLANE,1   
/REPLOT,RESIZE  
WPSTYLE,,,,,,,,0
/PREP7  
!*  
FINISH  
/POST1  
FINISH  
/SOL
FINISH  
/PREP7  
!*  
MPTEMP,,,,,,,,  
MPTEMP,1,0  
MPDATA,DENS,1,,7.8E-06  
MPTEMP,,,,,,,,  
MPTEMP,1,0  
MPDE,DENS,1 
MPDATA,DENS,1,,7.8E-06  
FLST,2,9,1,ORDE,2   
FITEM,2,1   
FITEM,2,-9  
NDELE,P51X  
/VIEW,1,1,1,1   
/ANG,1  
/REP,FAST   
NRRANG,1,999999999,1,   
NREAD,'vozlisca',' ',' '
!*  
/DIST, 1 ,1.082226,1
/REP,FAST   
/DIST, 1 ,0.924021,1
/REP,FAST   
/DIST, 1 ,0.924021,1
/REP,FAST   
/DIST, 1 ,0.924021,1
/REP,FAST   
/DIST, 1 ,0.924021,1
/REP,FAST   
/DIST, 1 ,0.924021,1
/REP,FAST   
/DIST, 1 ,0.924021,1
/REP,FAST   
/DIST, 1 ,0.924021,1
/REP,FAST   
/DIST, 1 ,0.924021,1
/REP,FAST   
/DIST, 1 ,0.924021,1
/REP,FAST   
/DIST, 1 ,0.924021,1
/REP,FAST   
/DIST, 1 ,0.924021,1
/REP,FAST   
/DIST, 1 ,0.924021,1
/REP,FAST   
/DIST, 1 ,0.924021,1
/REP,FAST   
/DIST, 1 ,0.924021,1
/REP,FAST   
/DIST, 1 ,0.924021,1
/REP,FAST   
/DIST, 1 ,0.924021,1
/REP,FAST   
/DIST, 1 ,0.924021,1
/REP,FAST   
/DIST, 1 ,0.924021,1
/REP,FAST   
/DIST, 1 ,0.924021,1
/REP,FAST   
/DIST, 1 ,0.924021,1
/REP,FAST   
/DIST, 1 ,0.924021,1
/REP,FAST   
/DIST, 1 ,0.924021,1
/REP,FAST   
/DIST, 1 ,0.924021,1
/REP,FAST   
/DIST, 1 ,0.924021,1
/REP,FAST   
/DIST, 1 ,1.082226,1
/REP,FAST   
/DIST, 1 ,1.082226,1
/REP,FAST   
/DIST, 1 ,1.082226,1
/REP,FAST   
/DIST, 1 ,1.082226,1
/REP,FAST   
/DIST, 1 ,1.082226,1
/REP,FAST   
/DIST, 1 ,1.082226,1
/REP,FAST   
/DIST, 1 ,1.082226,1
/REP,FAST   
/DIST, 1 ,1.082226,1
/REP,FAST   
/DIST, 1 ,1.082226,1
/REP,FAST   
/DIST, 1 ,1.082226,1
/REP,FAST   
/DIST, 1 ,1.082226,1
/REP,FAST   
/DIST, 1 ,1.082226,1
/REP,FAST   
/DIST, 1 ,1.082226,1
/REP,FAST   
/DIST, 1 ,0.924021,1
/REP,FAST   
/DIST, 1 ,0.924021,1
/REP,FAST   
/DIST, 1 ,0.924021,1
/REP,FAST   
/DIST, 1 ,1.082226,1
/REP,FAST   
/DIST, 1 ,1.082226,1
/REP,FAST   
SAVE
SAVE
/DIST, 1 ,1.082226,1
/REP,FAST   
/DIST, 1 ,1.082226,1
/REP,FAST   
/DIST, 1 ,0.924021,1
/REP,FAST   
/DIST, 1 ,0.924021,1
/REP,FAST   
/DIST, 1 ,0.924021,1
/REP,FAST   
/DIST, 1 ,0.924021,1
/REP,FAST   
/DIST, 1 ,0.924021,1
/REP,FAST   
/DIST, 1 ,0.924021,1
/REP,FAST   
/DIST, 1 ,0.924021,1
/REP,FAST   
/DIST, 1 ,0.924021,1
/REP,FAST   
/DIST, 1 ,0.924021,1
/REP,FAST   
/DIST, 1 ,0.924021,1
/REP,FAST   
/DIST, 1 ,0.924021,1
/REP,FAST   
/DIST, 1 ,0.924021,1
/REP,FAST   
/DIST, 1 ,1.082226,1
/REP,FAST   
/DIST, 1 ,1.082226,1
/REP,FAST   
/DIST, 1 ,1.082226,1
/REP,FAST   
/DIST, 1 ,1.082226,1
/REP,FAST   
/ZOOM,1,RECT,0.665776,0.82302 ,0.624181010111 ,0.736386105172   
/VIEW,1,1,1,1   
/ANG,1  
/REP,FAST   
/VIEW,1,1,1,1   
/ANG,1  
/REP,FAST   
/VIEW,1,1,1,1   
/ANG,1  
/REP,FAST   
/VIEW,1,1,2,3   
/ANG,1  
/REP,FAST   
/VIEW,1,,,1 
/ANG,1  
/REP,FAST   
/VIEW,1,,,1 
/ANG,1  
/REP,FAST   
/VIEW,1,,,1 
/ANG,1  
/REP,FAST   
/VIEW,1,,,1 
/ANG,1  
/REP,FAST   
/AUTO,1 
/REP,FAST   
/DIST, 1 ,1.082226,1
/REP,FAST   
/DIST, 1 ,1.082226,1
/REP,FAST   
/DIST, 1 ,1.082226,1
/REP,FAST   
/DIST, 1 ,1.082226,1
/REP,FAST   
/DIST, 1 ,0.924021,1
/REP,FAST   
/DIST, 1 ,0.924021,1
/REP,FAST   
/DIST, 1 ,0.924021,1
/REP,FAST   
/USER,  1   
/FOC,   1,   15427.3285069    ,   145.342986164    ,   23500.0000000
/REPLO  
/DIST,  1,   23040.2450539  
/ANG,   1,   8.70000000000  
/REPLO  
/VIEW,  1,  0.758427054709    ,  0.536654378392    ,  0.369851971521
/ANG,   1,  -105.584208166  
/REPLO  
/DIST, 1 ,0.924021,1
/REP,FAST   
/DIST, 1 ,0.924021,1
/REP,FAST   
/DIST, 1 ,0.924021,1
/REP,FAST   
/DIST, 1 ,0.924021,1
/REP,FAST   
/DIST, 1 ,1.082226,1
/REP,FAST   
/DIST, 1 ,1.082226,1
/REP,FAST   
/DIST, 1 ,1.082226,1
/REP,FAST   
/DIST, 1 ,1.082226,1
/REP,FAST   
/DIST, 1 ,1.082226,1
/REP,FAST   
/DIST, 1 ,1.082226,1
/REP,FAST   
/DIST, 1 ,1.082226,1
/REP,FAST   
/DIST, 1 ,1.082226,1
/REP,FAST   
/DIST, 1 ,1.082226,1
/REP,FAST   
/DIST, 1 ,1.082226,1
/REP,FAST   
/DIST, 1 ,1.082226,1
/REP,FAST   
/DIST, 1 ,0.924021,1
/REP,FAST   
/DIST, 1 ,0.924021,1
/REP,FAST   
/VIEW,  1,  0.673401625200    , -0.548813640337    ,  0.495311860708
/ANG,   1,  -69.5387529431  
/REPLO  
/DIST, 1 ,1.082226,1
/REP,FAST   
/DIST, 1 ,1.082226,1
/REP,FAST   
/DIST, 1 ,1.082226,1
/REP,FAST   
/DIST, 1 ,1.082226,1
/REP,FAST   
/DIST, 1 ,0.924021,1
/REP,FAST   
/DIST, 1 ,0.924021,1
/REP,FAST   
/DIST, 1 ,0.924021,1
/REP,FAST   
/DIST, 1 ,0.924021,1
/REP,FAST   
/DIST, 1 ,0.924021,1
/REP,FAST   
/DIST, 1 ,0.924021,1
/REP,FAST   
/DIST, 1 ,0.924021,1
/REP,FAST   
/DIST, 1 ,0.924021,1
/REP,FAST   
/DIST, 1 ,0.924021,1
/REP,FAST   
/DIST, 1 ,0.924021,1
/REP,FAST   
/DIST, 1 ,0.924021,1
/REP,FAST   
/DIST, 1 ,0.924021,1
/REP,FAST   
/DIST, 1 ,0.924021,1
/REP,FAST   
/DIST, 1 ,1.082226,1
/REP,FAST   
/DIST, 1 ,1.082226,1
/REP,FAST   
/DIST, 1 ,1.082226,1
/REP,FAST   
/DIST, 1 ,1.082226,1
/REP,FAST   
/DIST,1,0.729,1 
/REP,FAST   
/DIST,1,1.37174211248,1 
/REP,FAST   
/DIST, 1 ,1.082226,1
/REP,FAST   
/DIST, 1 ,0.924021,1
/REP,FAST   
/DIST, 1 ,0.924021,1
/REP,FAST   
/FOC,   1,   20271.5072758    ,  -2480.26479969    ,   14004.8766325
/REPLO  
/DIST, 1 ,1.082226,1
/REP,FAST   
/DIST, 1 ,1.082226,1
/REP,FAST   
/DIST, 1 ,1.082226,1
/REP,FAST   
/DIST, 1 ,1.082226,1
/REP,FAST   
/DIST, 1 ,0.924021,1
/REP,FAST   
/DIST, 1 ,0.924021,1
/REP,FAST   
/DIST, 1 ,0.924021,1
/REP,FAST   
/DIST, 1 ,0.924021,1
/REP,FAST   
/DIST, 1 ,0.924021,1
/REP,FAST   
/DIST, 1 ,0.924021,1
/REP,FAST   
/DIST, 1 ,0.924021,1
/REP,FAST   
/DIST, 1 ,0.924021,1
/REP,FAST   
/DIST, 1 ,0.924021,1
/REP,FAST   
/FOC,   1,   17286.0234351    ,  -6792.24925427    ,   13286.0442291
/REPLO  
/DIST, 1 ,1.082226,1
/REP,FAST   
/DIST, 1 ,1.082226,1
/REP,FAST   
/DIST, 1 ,0.924021,1
/REP,FAST   
/DIST, 1 ,0.924021,1
/REP,FAST   
/DIST, 1 ,0.924021,1
/REP,FAST   
/DIST, 1 ,0.924021,1
/REP,FAST   
/DIST, 1 ,0.924021,1
/REP,FAST   
/DIST, 1 ,0.924021,1
/REP,FAST   
/DIST, 1 ,0.924021,1
/REP,FAST   
/DIST, 1 ,0.924021,1
/REP,FAST   
/DIST, 1 ,0.924021,1
/REP,FAST   
/DIST, 1 ,0.924021,1
/REP,FAST   
/DIST, 1 ,0.924021,1
/REP,FAST   
/DIST, 1 ,0.924021,1
/REP,FAST   
/DIST, 1 ,0.924021,1
/REP,FAST   
/FOC,   1,   16677.8411428    ,  -8277.85062645    ,   12466.8283264
/REPLO  
/DIST, 1 ,0.924021,1
/REP,FAST   
/DIST, 1 ,0.924021,1
/REP,FAST   
/DIST, 1 ,0.924021,1
/REP,FAST   
/FOC,   1,   16310.1259718    ,  -8871.82448504    ,   12308.6230258
/REPLO  
FLST,2,2,1  
FITEM,2,1   
FITEM,2,2   
E,P51X  
FLST,2,2,1  
FITEM,2,2   
FITEM,2,3   
E,P51X  
FLST,2,2,1  
FITEM,2,3   
FITEM,2,4   
E,P51X  
FLST,2,2,1  
FITEM,2,4   
FITEM,2,1   
E,P51X  
FLST,2,2,1  
FITEM,2,5   
FITEM,2,6   
E,P51X  
FLST,2,2,1  
FITEM,2,6   
FITEM,2,7   
E,P51X  
FLST,2,2,1  
FITEM,2,7   
FITEM,2,8   
E,P51X  
FLST,2,2,1  
FITEM,2,8   
FITEM,2,5   
E,P51X  
FLST,2,2,1  
FITEM,2,9   
FITEM,2,10  
E,P51X  
FLST,2,2,1  
FITEM,2,10  
FITEM,2,11  
E,P51X  
FLST,2,2,1  
FITEM,2,11  
FITEM,2,12  
E,P51X  
FLST,2,2,1  
FITEM,2,12  
FITEM,2,9   
E,P51X  
FLST,2,2,1  
FITEM,2,1   
FITEM,2,5   
E,P51X  
FLST,2,2,1  
FITEM,2,5   
FITEM,2,9   
E,P51X  
FLST,2,2,1  
FITEM,2,2   
FITEM,2,6   
E,P51X  
FLST,2,2,1  
FITEM,2,6   
FITEM,2,10  
E,P51X  
FLST,2,2,1  
FITEM,2,3   
FITEM,2,7   
E,P51X  
FLST,2,2,1  
FITEM,2,7   
FITEM,2,11  
E,P51X  
FLST,2,2,1  
FITEM,2,4   
FITEM,2,8   
E,P51X  
FLST,2,2,1  
FITEM,2,8   
FITEM,2,12  
E,P51X  
FLST,2,2,1  
FITEM,2,1   
FITEM,2,6   
E,P51X  
FLST,2,2,1  
FITEM,2,2   
FITEM,2,7   
E,P51X  
FLST,2,2,1  
FITEM,2,3   
FITEM,2,8   
E,P51X  
FLST,2,2,1  
FITEM,2,4   
FITEM,2,5   
E,P51X  
FLST,2,2,1  
FITEM,2,6   
FITEM,2,9   
E,P51X  
FLST,2,2,1  
FITEM,2,7   
FITEM,2,10  
E,P51X  
FLST,2,2,1  
FITEM,2,8   
FITEM,2,11  
E,P51X  
FLST,2,2,1  
FITEM,2,5   
FITEM,2,12  
E,P51X  
EWRITE,'elementi',' ',' ',0 
/REPLO  
/DIST, 1 ,0.924021,1
/REP,FAST   
/DIST, 1 ,0.924021,1
/REP,FAST   
/DIST, 1 ,0.924021,1
/REP,FAST   
/DIST, 1 ,0.924021,1
/REP,FAST   
/DIST, 1 ,1.082226,1
/REP,FAST   
/DIST, 1 ,1.082226,1
/REP,FAST   
/DIST, 1 ,1.082226,1
/REP,FAST   
/DIST, 1 ,1.082226,1
/REP,FAST   
/DIST, 1 ,1.082226,1
/REP,FAST   
/DIST, 1 ,1.082226,1
/REP,FAST   
/DIST, 1 ,1.082226,1
/REP,FAST   
/DIST, 1 ,1.082226,1
/REP,FAST   
/DIST, 1 ,1.082226,1
/REP,FAST   
/DIST, 1 ,1.082226,1
/REP,FAST   
/DIST, 1 ,1.082226,1
/REP,FAST   
/DIST, 1 ,1.082226,1
/REP,FAST   
/DIST, 1 ,1.082226,1
/REP,FAST   
/DIST, 1 ,1.082226,1
/REP,FAST   
/DIST, 1 ,1.082226,1
/REP,FAST   
/DIST, 1 ,1.082226,1
/REP,FAST   
/DIST, 1 ,1.082226,1
/REP,FAST   
/DIST, 1 ,1.082226,1
/REP,FAST   
/DIST, 1 ,1.082226,1
/REP,FAST   
/DIST, 1 ,1.082226,1
/REP,FAST   
/DIST, 1 ,1.082226,1
/REP,FAST   
/DIST, 1 ,1.082226,1
/REP,FAST   
/DIST, 1 ,1.082226,1
/REP,FAST   
/DIST, 1 ,1.082226,1
/REP,FAST   
/DIST, 1 ,1.082226,1
/REP,FAST   
/DIST, 1 ,1.082226,1
/REP,FAST   
/DIST, 1 ,1.082226,1
/REP,FAST   
/DIST, 1 ,1.082226,1
/REP,FAST   
/DIST, 1 ,1.082226,1
/REP,FAST   
/DIST, 1 ,1.082226,1
/REP,FAST   
/DIST, 1 ,1.082226,1
/REP,FAST   
/DIST, 1 ,1.082226,1
/REP,FAST   
/DIST, 1 ,1.082226,1
/REP,FAST   
/DIST, 1 ,1.082226,1
/REP,FAST   
/DIST, 1 ,1.082226,1
/REP,FAST   
/DIST, 1 ,0.924021,1
/REP,FAST   
/DIST, 1 ,0.924021,1
/REP,FAST   
/DIST, 1 ,0.924021,1
/REP,FAST   
/DIST, 1 ,0.924021,1
/REP,FAST   
FLST,2,28,2,ORDE,2  
FITEM,2,4   
FITEM,2,-31 
EDELE,P51X  
ERRANG,1,999999999,1,   
EREAD,'elementi',' ',' '
!*  
/DIST, 1 ,0.924021,1
/REP,FAST   
/DIST, 1 ,1.082226,1
/REP,FAST   
/DIST, 1 ,1.082226,1
/REP,FAST   
/DIST, 1 ,1.082226,1
/REP,FAST   
/DIST, 1 ,1.082226,1
/REP,FAST   
/DIST, 1 ,1.082226,1
/REP,FAST   
/DIST, 1 ,1.082226,1
/REP,FAST   
/DIST, 1 ,0.924021,1
/REP,FAST   
/DIST, 1 ,0.924021,1
/REP,FAST   
EWRITE,'elementi2',' ',' ',0
/DIST, 1 ,1.082226,1
/REP,FAST   
/DIST, 1 ,1.082226,1
/REP,FAST   
/DIST, 1 ,1.082226,1
/REP,FAST   
/DIST, 1 ,0.924021,1
/REP,FAST   
/DIST, 1 ,0.924021,1
/REP,FAST   
/DIST, 1 ,0.924021,1
/REP,FAST   
/DIST, 1 ,0.924021,1
/REP,FAST   
/DIST, 1 ,0.924021,1
/REP,FAST   
/DIST, 1 ,0.924021,1
/REP,FAST   
/REPLO  
/REPLO  
/REPLO  
/REPLO  
SAVE
/DIST, 1 ,0.924021,1
/REP,FAST   
/DIST, 1 ,0.924021,1
/REP,FAST   
/DIST, 1 ,1.082226,1
/REP,FAST   
/DIST, 1 ,1.082226,1
/REP,FAST   
/DIST, 1 ,1.082226,1
/REP,FAST   
/FOC,   1,   14204.9525588    ,  -742.805673518    ,   24177.7989337
/REPLO  
/DIST, 1 ,1.082226,1
/REP,FAST   
/DIST, 1 ,1.082226,1
/REP,FAST   
/DIST, 1 ,0.924021,1
/REP,FAST   
/DIST, 1 ,0.924021,1
/REP,FAST   
/DIST, 1 ,0.924021,1
/REP,FAST   
/DIST, 1 ,0.924021,1
/REP,FAST   
/DIST, 1 ,0.924021,1
/REP,FAST   
/DIST, 1 ,0.924021,1
/REP,FAST   
/FOC,   1,   13438.7502217    ,  -8.02138443103    ,   26033.6429231
/REPLO  
/DIST, 1 ,1.082226,1
/REP,FAST   
/DIST, 1 ,0.924021,1
/REP,FAST   
/DIST, 1 ,0.924021,1
/REP,FAST   
/DIST, 1 ,0.924021,1
/REP,FAST   
/DIST, 1 ,0.924021,1
/REP,FAST   
/FOC,   1,   12874.6174756    ,   264.772748320    ,   27102.8703960
/REPLO  
/DIST, 1 ,1.082226,1
/REP,FAST   
/DIST, 1 ,0.924021,1
/REP,FAST   
/DIST, 1 ,1.082226,1
/REP,FAST   
EPLOT   
SAVE
SAVE
/DIST, 1 ,1.082226,1
/REP,FAST   
/DIST, 1 ,0.924021,1
/REP,FAST   
/DIST, 1 ,0.924021,1
/REP,FAST   
/DIST, 1 ,0.924021,1
/REP,FAST   
/FOC,   1,   20855.5792360    ,  -1796.91364695    ,   13967.9653956
/REPLO  
/DIST, 1 ,1.082226,1
/REP,FAST   
/DIST, 1 ,1.082226,1
/REP,FAST   
/DIST, 1 ,1.082226,1
/REP,FAST   
/DIST, 1 ,0.924021,1
/REP,FAST   
/DIST, 1 ,0.924021,1
/REP,FAST   
/DIST, 1 ,0.924021,1
/REP,FAST   
/DIST, 1 ,0.924021,1
/REP,FAST   
/DIST, 1 ,0.924021,1
/REP,FAST   
/DIST, 1 ,0.924021,1
/REP,FAST   
/DIST, 1 ,0.924021,1
/REP,FAST   
/DIST, 1 ,0.924021,1
/REP,FAST   
/DIST, 1 ,0.924021,1
/REP,FAST   
/DIST, 1 ,0.924021,1
/REP,FAST   
/DIST, 1 ,0.924021,1
/REP,FAST   
/DIST, 1 ,0.924021,1
/REP,FAST   
/DIST, 1 ,0.924021,1
/REP,FAST   
/DIST, 1 ,0.924021,1
/REP,FAST   
/DIST, 1 ,0.924021,1
/REP,FAST   
/DIST, 1 ,0.924021,1
/REP,FAST   
/DIST, 1 ,0.924021,1
/REP,FAST   
/DIST, 1 ,0.924021,1
/REP,FAST   
/FOC,   1,   17066.9525712    ,  -7052.50405887    ,   13295.5156136
/REPLO  
/DIST, 1 ,0.924021,1
/REP,FAST   
/DIST, 1 ,0.924021,1
/REP,FAST   
/FOC,   1,   16080.0960829    ,  -8440.24288115    ,   13099.5598137
/REPLO  
/DIST, 1 ,0.924021,1
/REP,FAST   
/DIST, 1 ,0.924021,1
/REP,FAST   
/FOC,   1,   15391.6800139    ,  -9461.46599113    ,   12903.9645118
/REPLO  
/DIST, 1 ,0.924021,1
/REP,FAST   
/DIST, 1 ,0.924021,1
/REP,FAST   
/DIST, 1 ,0.924021,1
/REP,FAST   
/FOC,   1,   15041.0671557    ,  -10392.5614657    ,   12348.9714859
/REPLO  
/DIST, 1 ,0.924021,1
/REP,FAST   
/DIST, 1 ,0.924021,1
/REP,FAST   
/DIST, 1 ,0.924021,1
/REP,FAST   
/FOC,   1,   15204.6612152    ,  -10488.1959628    ,   12020.5924687
/REPLO  
NPLOT   
!*  
ANTYPE,2
FLST,2,4,1,ORDE,2   
FITEM,2,1   
FITEM,2,-4  
!*  
/GO 
D,P51X, , , , , ,ALL, , , , ,   
SAVE
SAVE
EPLOT   
/DIST, 1 ,0.924021,1
/REP,FAST   
/DIST, 1 ,0.924021,1
/REP,FAST   
/DIST, 1 ,1.082226,1
/REP,FAST   
/DIST, 1 ,1.082226,1
/REP,FAST   
/DIST, 1 ,1.082226,1
/REP,FAST   
/DIST, 1 ,1.082226,1
/REP,FAST   
/DIST, 1 ,1.082226,1
/REP,FAST   
/DIST, 1 ,1.082226,1
/REP,FAST   
/DIST, 1 ,1.082226,1
/REP,FAST   
/DIST, 1 ,1.082226,1
/REP,FAST   
/DIST, 1 ,1.082226,1
/REP,FAST   
/DIST, 1 ,1.082226,1
/REP,FAST   
/FOC,   1,   14831.6539350    ,  -10160.3339958    ,   12890.9912266
/REPLO  
/DIST, 1 ,0.924021,1
/REP,FAST   
/DIST, 1 ,0.924021,1
/REP,FAST   
/DIST, 1 ,1.082226,1
/REP,FAST   
/DIST, 1 ,1.082226,1
/REP,FAST   
/DIST, 1 ,1.082226,1
/REP,FAST   
/DIST, 1 ,1.082226,1
/REP,FAST   
/DIST, 1 ,1.082226,1
/REP,FAST   
/DIST, 1 ,1.082226,1
/REP,FAST   
/DIST, 1 ,1.082226,1
/REP,FAST   
/DIST, 1 ,1.082226,1
/REP,FAST   
/DIST, 1 ,1.082226,1
/REP,FAST   
/DIST, 1 ,1.082226,1
/REP,FAST   
/DIST, 1 ,1.082226,1
/REP,FAST   
/DIST, 1 ,1.082226,1
/REP,FAST   
/DIST, 1 ,1.082226,1
/REP,FAST   
/DIST, 1 ,1.082226,1
/REP,FAST   
/DIST, 1 ,1.082226,1
/REP,FAST   
/DIST, 1 ,1.082226,1
/REP,FAST   
/FOC,   1,   12786.8064962    ,  -7825.84277051    ,   18257.7195994
/REPLO  
/DIST, 1 ,1.082226,1
/REP,FAST   
/DIST, 1 ,1.082226,1
/REP,FAST   
/DIST, 1 ,1.082226,1
/REP,FAST   
/DIST, 1 ,1.082226,1
/REP,FAST   
/DIST, 1 ,1.082226,1
/REP,FAST   
/DIST, 1 ,1.082226,1
/REP,FAST   
/FOC,   1,   10671.8425903    ,  -5253.93042628    ,   23982.8413514
/REPLO  
/FOC,   1,   12849.2260337    ,   144.538661474    ,   27004.1700163
/REPLO  
/FOC,   1,   14938.4644322    ,   1870.15863393    ,   26075.7594723
/REPLO  
/VIEW,  1,  0.735175038472    , -0.496471277470    ,  0.461555991679
/ANG,   1,  -73.3687443815  
/REPLO  
/VIEW,  1,  0.759656246327    , -0.573749545160    ,  0.306159838720
/ANG,   1,  -78.6217569438  
/REPLO  
/VIEW,  1,  0.755876163700    , -0.647923280328    ,  0.940566210268E-01
/ANG,   1,  -87.7058134856  
/REPLO  
/VIEW,  1,  0.718256402004    , -0.620915186264    ,  0.313961896489
/ANG,   1,  -77.2453810186  
/REPLO  
/VIEW,  1,  0.686982201910    , -0.650691718205    ,  0.323505397355
/ANG,   1,  -71.6181230534  
/REPLO  
/VIEW,  1,  0.675964602616    , -0.585324752911    ,  0.447735178023
/ANG,   1,  -66.4094488315  
/REPLO  
FINISH  
/SOL
/STATUS,SOLU
SOLVE   
!*  
ANTYPE,2
!*  
!*  
MODOPT,SUBSP,552
MXPAND,552, , ,0
LUMPM,0 
PSTRES,0
!*  
MODOPT,SUBSP,552,0,0, ,OFF  
RIGID,  
SUBOPT,STRMCHK,0
SUBOPT,MEMORY,AUTO  
!*  
/STATUS,SOLU
SOLVE   
FINISH  
/POST1  
SET,LIST
SAVE
SAVE
/DIST, 1 ,1.082226,1
/REP,FAST   
/DIST, 1 ,0.924021,1
/REP,FAST   
/DIST, 1 ,0.924021,1
/REP,FAST   
/DIST, 1 ,1.082226,1
/REP,FAST   
/DIST, 1 ,0.924021,1
/REP,FAST   
/DIST, 1 ,1.082226,1
/REP,FAST   
/DIST, 1 ,0.924021,1
/REP,FAST   
/DIST, 1 ,1.082226,1
/REP,FAST   
/DIST, 1 ,0.924021,1
/REP,FAST   
/DIST, 1 ,0.924021,1
/REP,FAST   
/REPLOT,RESIZE  
SET,LIST
SET,LIST
SAVE
FINISH  
! /EXIT,ALL 
/BATCH  
/COM,ANSYS RELEASE 2020 R1           BUILD 20.1      UP20191203       20:43:36
/input,menust,tmp,''
/COM,ANSYS RELEASE 2020 R1           BUILD 20.1      UP20191203       20:43:36
/GRA,POWER
/GST,ON
/PLO,INFO,3
/GRO,CURL,ON
/CPLANE,1   
/REPLOT,RESIZE  
WPSTYLE,,,,,,,,0
EPLOT   
/POST1  
SET,LIST
SET,LIST
/REPLOT,RESIZE  
SET,PREVIOUS
SET,LAST
SET,LIST,999
SET,,, ,,, ,1   
!*  
PLDI,2, 
ANMODE,30,0.5, ,1   
!*  
SET,LIST,999
SET,,, ,,, ,2   
SET,,, ,,, ,2   
!*  
PLDI,2, 
ANMODE,30,0.5, ,1   
!*  
PLDISP,0
PLDISP,0
PLDISP,0
/SHOW,WIN32C
SET,FIRST   
/PLOPTS,INFO,3  
/CONTOUR,ALL,18 
/PNUM,MAT,1 
/NUMBER,1   
/REPLOT,RESIZE  
SET,,,,,,,392   
SET,,,,,,,172   
SET,,,,,,,1 
SET,,,,,,,56
PLDISP,2
SET,,,,,,,552   
PLDISP,2
SET,,,,,,,439   
PLDISP,2
SET,,,,,,,379   
PLDISP,2
SET,,,,,,,324   
PLDISP,2
SET,,,,,,,269   
PLDISP,2
SET,,,,,,,214   
PLDISP,2
SET,,,,,,,1 
PLDISP,2
!*  
PLDI, , 
ANMODE,30,0.5, ,1   
!*  
PLDISP,2
SET,,,,,,,6 
PLDISP,2
SET,,,,,,,3 
PLDISP,2
EPLOT   
FINISH  
/POST26 
FILE,'file','rst','.'   
/UI,COLL,1  
NUMVAR,200  
SOLU,191,NCMIT  
STORE,MERGE 
FILLDATA,191,,,,1,1 
REALVAR,191,191 
FINISH  
/POST1  
FILE,'file','rst','.'   
EPLOT   
! /UIS,ABORT,1  
/SHOW,WIN32 
/REPLOT,RESIZE  
SET,LIST
PLDISP,0
PLDISP,0
/SHOW,WIN32C
SET,FIRST   
/PLOPTS,INFO,3  
/PNUM,MAT,1 
/NUMBER,1   
/REPLOT,RESIZE  
SET,1, 3,0  
PLNSOL, 
SET,,,,,,,3 
! /UIS,ABORT,1  
/SHOW,WIN32 
/REPLOT,RESIZE  
!*  
PLDI, , 
ANMODE,30,0.5, ,1   
!*  
SET,PREVIOUS
SET,PREVIOUS
SET,LIST,999
SET,,, ,,, ,2   
SET,,, ,,, ,2   
!*  
PLDI, , 
ANMODE,20,0.5, ,1   
!*  
SET,PREVIOUS
SET,LIST,999
SET,,, ,,, ,5   
!*  
PLDI, , 
ANMODE,20,0.5, ,1   
!*  
SET,LIST,999
SET,,, ,,, ,1   
SET,,, ,,, ,1   
!*  
PLDI, , 
ANMODE,10,0.5, ,1   
!*  
!*  
PLDI,1, 
ANMODE,10,0.5, ,1   
!*  
!*  
PLDI,2, 
ANMODE,10,0.5, ,1   
!*  
/NOPR   
/GSAVE,_QUALITY_,SAV
/GSAVE,_QUALITY_,SV2
/CMAP,_QUALITY_,CMP,,SAVE   
/GOPR   
/REPLOT,RESIZE  
/REPLOT,RESIZE  
SET,LIST
FINISH  
! /EXIT,ALL 
/BATCH  
/COM,ANSYS RELEASE 2020 R1           BUILD 20.1      UP20191203       00:12:57
/input,menust,tmp,''
/COM,ANSYS RELEASE 2020 R1           BUILD 20.1      UP20191203       00:12:57
/GRA,POWER
/GST,ON
/PLO,INFO,3
/GRO,CURL,ON
/CPLANE,1   
/REPLOT,RESIZE  
WPSTYLE,,,,,,,,0
/POST1  
SET,LIST,999
SET,,, ,,, ,1   
!*  
PLDI, , 
ANMODE,10,0.5, ,0   
!*  
/USER,  1   
/FOC,   1,   14540.5594009    ,   1526.48200136    ,   23481.1558122
/REPLO  
/VIEW,  1,  0.688479277837    , -0.651497690761    ,  0.318664467618
/ANG,   1,  -72.3072534902  
/REPLO  
/VIEW,  1,  0.540521096264    , -0.705302056347    ,  0.458678486312
/ANG,   1,  -59.8900182777  
/REPLO  
/VIEW,  1,  0.609925082896    , -0.778794321575    ,  0.146529170939
/ANG,   1,  -79.5028836209  
/REPLO  
/VIEW,  1,  0.402589113734    , -0.830665740566    ,  0.384599054800
/ANG,   1,  -48.1700671065  
/REPLO  
/VIEW,  1,  0.379640901891    , -0.761148930583    ,  0.525856530893
/ANG,   1,  -42.3518873392  
/REPLO  
!*  
PLDI, , 
ANMODE,10,0.5, ,0   
!*  
PLDISP,0
SET,LIST
FINISH  
/SOL
FINISH  
/PREP7  
FINISH  
/POST1  
PLDISP,0
PLDISP,0
PLDISP,0
PLDISP,0
PLDISP,1
PLDISP,0
PLDISP,0
PLDISP,1
PLDISP,2
SET,LIST
/REPLO  
/REPLOT 
PLDISP,0
PLDISP,0
/FOC,   1,   14681.9690848    ,   1833.82115678    ,   23824.0570782
/REPLO  
PLDISP,0
!*  
ANDSCL,10,0.5   
PLDISP,2
!*  
ANDSCL,10,0.5   
!*  
PLDI,2, 
ANMODE,10,0.5, ,0   
!*  
SET,LIST,999
SET,,, ,,, ,2   
PLDISP,2
!*  
ANDSCL,10,0.5   
SET,LIST,999
SET,,, ,,, ,3   
PLDISP,2
!*  
ANDSCL,10,0.5   
/BATCH  
/COM,ANSYS RELEASE 2020 R1           BUILD 20.1      UP20191203       21:43:22
/input,menust,tmp,''
/COM,ANSYS RELEASE 2020 R1           BUILD 20.1      UP20191203       21:43:22
/GRA,POWER
/GST,ON
/PLO,INFO,3
/GRO,CURL,ON
/CPLANE,1   
/REPLOT,RESIZE  
WPSTYLE,,,,,,,,0
/POST1  
SET,LIST
SET,LIST,999
SET,,, ,,, ,1   
EPLOT   
/USER,  1   
/DIST,  1,   33789.0912529  
/ANG,   1,  -68.5090000000  
/REPLO  
/VIEW,  1,  0.656041403774    , -0.706457376548    ,  0.265570426922
/ANG,   1,  -75.9624756771  
/REPLO  
/DIST,  1,   33049.6935040  
/ANG,   1,  -74.1624756771  
/REPLO  
/ANG,   1,  -73.8624756771  
/REPLO  
/VIEW,  1,  0.570086464379    , -0.790593128351    ,  0.223526124952
/ANG,   1,  -74.3051166499  
/REPLO  
/VIEW,  1,  0.570086464379    , -0.790593128351    ,  0.223526124952
/DIST,  1,   33049.6935040  
/ANG,   1,  -72.5051166499  
/REPLO  
!*  
PLDI,2, 
ANMODE,20,0.5, ,0   
!*  
/FOC,   1,   15743.2139812    ,   1493.77316185    ,   23350.9071064
/REPLO  
SET,LIST,999
SET,,, ,,, ,2   
!*  
PLDI,2, 
ANMODE,20,0.5, ,1   
!*  
SET,LIST,999
SET,,, ,,, ,3   
!*  
PLDI,2, 
ANMODE,20,0.5, ,1   
!*  
FINISH  
! /EXIT,MODEL   
/BATCH  
/COM,ANSYS RELEASE 2020 R1           BUILD 20.1      UP20191203       22:40:23
/input,menust,tmp,''
/COM,ANSYS RELEASE 2020 R1           BUILD 20.1      UP20191203       22:40:23
/GRA,POWER
/GST,ON
/PLO,INFO,3
/GRO,CURL,ON
/CPLANE,1   
/REPLOT,RESIZE  
WPSTYLE,,,,,,,,0
/SOLU   
/STATUS,SOLU
SOLVE   
FINISH  
/POST1  
SET,LIST
/SHOW,WIN32C
SET,FIRST   
/PLOPTS,INFO,3  
/CONTOUR,ALL,18 
/PNUM,MAT,1 
/NUMBER,1   
/REPLOT,RESIZE  
! /UIS,ABORT,1  
/SHOW,WIN32 
/REPLOT,RESIZE  
/SHOW,WIN32C
SET,FIRST   
/PLOPTS,INFO,3  
/PNUM,MAT,1 
/NUMBER,1   
/REPLOT,RESIZE  
! /UIS,ABORT,1  
/SHOW,WIN32 
/REPLOT,RESIZE  
FINISH  
/SOL
/STATUS,SOLU
SOLVE   
FINISH  
! /EXIT,MODEL   
