

  *****  INDEX OF DATA SETS ON RESULTS FILE  *****

   SET   TIME/FREQ    LOAD STEP   SUBSTEP  CUMULATIVE
     1 0.49514E-02         1         1         1                  
     2 0.98164E-02         1         2         2                  
     3 0.13505E-01         1         3         3                  
     4 0.23246E-01         1         4         4                  
     5 0.30295E-01         1         5         5                  
     6 0.82335E-01         1         6         6                  
     7 0.11728             1         7         7                  
     8 0.12211             1         8         8                  
     9 0.12837             1         9         9                  
    10 0.17529             1        10        10                  
    11 0.18441             1        11        11                  
    12 0.18511             1        12        12                  
    13 0.24011             1        13        13                  
    14 0.24922             1        14        14                  
    15 0.32756             1        15        15                  
    16 0.36871             1        16        16                  
    17 0.37982             1        17        17                  
    18 0.42837             1        18        18                  
    19 0.46300             1        19        19                  
    20 0.50947             1        20        20                  
    21 0.52682             1        21        21                  
    22 0.53244             1        22        22                  
    23 0.55072             1        23        23                  
    24 0.56496             1        24        24                  
    25 0.66871             1        25        25                  
    26 0.71652             1        26        26                  
    27 0.73615             1        27        27                  
    28 0.77412             1        28        28                  
    29 0.81972             1        29        29                  
    30 0.83749             1        30        30                  
    31 0.86530             1        31        31                  
    32 0.88844             1        32        32                  
    33 0.96219             1        33        33                  
    34  1.0041             1        34        34                  
    35  1.0523             1        35        35                  
    36  1.0825             1        36        36                  
    37  1.1228             1        37        37                  
    38  1.1797             1        38        38                  
    39  1.2242             1        39        39                  
    40  1.2411             1        40        40                  
    41  1.2676             1        41        41                  
    42  1.3462             1        42        42                  
    43  1.3958             1        43        43                  
    44  1.4137             1        44        44                  
    45  1.4718             1        45        45                  
    46  1.5065             1        46        46                  
    47  1.5408             1        47        47                  
    48  1.5783             1        48        48                  
    49  1.5943             1        49        49                  
    50  1.6136             1        50        50                  
    51  1.6452             1        51        51                  
    52  1.7287             1        52        52                  
    53  1.7546             1        53        53                  
    54  1.8318             1        54        54                  
    55  1.8906             1        55        55                  
    56  1.9054             1        56        56                  
    57  1.9161             1        57        57                  
    58  1.9641             1        58        58                  
    59  2.0136             1        59        59                  
    60  2.0857             1        60        60                  
    61  2.1469             1        61        61                  
    62  2.1861             1        62        62                  
    63  2.1988             1        63        63                  
    64  2.2210             1        64        64                  
    65  2.2964             1        65        65                  
    66  2.3245             1        66        66                  
    67  2.3425             1        67        67                  
    68  2.3695             1        68        68                  
    69  2.4455             1        69        69                  
    70  2.5030             1        70        70                  
    71  2.5401             1        71        71                  
    72  2.6053             1        72        72                  
    73  2.6410             1        73        73                  
    74  2.6581             1        74        74                  
    75  2.6856             1        75        75                  
    76  2.7508             1        76        76                  
    77  2.7768             1        77        77                  
    78  2.8300             1        78        78                  
    79  2.8415             1        79        79                  
    80  2.9568             1        80        80                  
    81  3.0180             1        81        81                  
    82  3.0381             1        82        82                  
    83  3.0762             1        83        83                  
    84  3.1059             1        84        84                  
    85  3.1241             1        85        85                  
    86  3.1684             1        86        86                  
    87  3.2405             1        87        87                  
    88  3.2860             1        88        88                  
    89  3.2957             1        89        89                  
    90  3.3543             1        90        90                  
    91  3.3764             1        91        91                  
    92  3.4246             1        92        92                  
    93  3.5153             1        93        93                  
    94  3.5289             1        94        94                  
    95  3.5518             1        95        95                  
    96  3.5734             1        96        96                  
    97  3.6254             1        97        97                  
    98  3.6620             1        98        98                  
    99  3.6898             1        99        99                  
   100  3.7300             1       100       100                  
   101  3.7505             1       101       101                  
   102  3.7942             1       102       102                  
   103  3.8850             1       103       103                  
   104  3.9017             1       104       104                  
   105  3.9206             1       105       105                  
   106  3.9511             1       106       106                  
   107  4.0317             1       107       107                  
   108  4.0411             1       108       108                  
   109  4.0931             1       109       109                  
   110  4.0994             1       110       110                  
   111  4.1130             1       111       111                  
   112  4.1403             1       112       112                  
   113  4.2396             1       113       113                  
   114  4.2679             1       114       114                  
   115  4.3281             1       115       115                  
   116  4.3535             1       116       116                  
   117  4.4239             1       117       117                  
   118  4.4621             1       118       118                  
   119  4.4713             1       119       119                  
   120  4.4816             1       120       120                  
   121  4.5399             1       121       121                  
   122  4.5744             1       122       122                  
   123  4.5867             1       123       123                  
   124  4.6023             1       124       124                  
   125  4.6061             1       125       125                  
   126  4.6434             1       126       126                  
   127  4.7362             1       127       127                  
   128  4.7747             1       128       128                  
   129  4.8259             1       129       129                  
   130  4.8514             1       130       130                  
   131  4.8623             1       131       131                  
   132  4.8802             1       132       132                  
   133  4.9176             1       133       133                  
   134  5.0738             1       134       134                  
   135  5.1057             1       135       135                  
   136  5.1247             1       136       136                  
   137  5.1614             1       137       137                  
   138  5.2073             1       138       138                  
   139  5.2469             1       139       139                  
   140  5.2821             1       140       140                  
   141  5.3387             1       141       141                  
   142  5.3572             1       142       142                  
   143  5.4019             1       143       143                  
   144  5.4325             1       144       144                  
   145  5.4650             1       145       145                  
   146  5.4935             1       146       146                  
   147  5.4947             1       147       147                  
   148  5.5196             1       148       148                  
   149  5.5655             1       149       149                  
   150  5.5914             1       150       150                  
   151  5.6146             1       151       151                  
   152  5.6503             1       152       152                  
   153  5.7006             1       153       153                  
   154  5.7415             1       154       154                  
   155  5.7546             1       155       155                  
   156  5.7825             1       156       156                  
   157  5.7863             1       157       157                  
   158  5.8168             1       158       158                  
   159  5.8255             1       159       159                  
   160  5.8578             1       160       160                  
   161  5.8778             1       161       161                  
   162  5.9024             1       162       162                  
   163  5.9216             1       163       163                  
   164  5.9447             1       164       164                  
   165  5.9608             1       165       165                  
   166  5.9840             1       166       166                  
   167  5.9903             1       167       167                  
   168  5.9993             1       168       168                  
   169  6.0048             1       169       169                  
   170  6.0285             1       170       170                  
   171  6.0472             1       171       171                  
   172  6.0476             1       172       172                  
   173  6.0499             1       173       173                  
   174  6.0784             1       174       174                  
   175  6.1085             1       175       175                  
   176  6.1292             1       176       176                  
   177  6.1782             1       177       177                  
   178  6.2664             1       178       178                  
   179  6.3447             1       179       179                  
   180  6.4234             1       180       180                  
   181  6.4487             1       181       181                  
   182  6.4625             1       182       182                  
   183  6.5727             1       183       183                  
   184  6.6023             1       184       184                  
   185  6.6167             1       185       185                  
   186  6.6172             1       186       186                  
   187  6.6805             1       187       187                  
   188  6.8071             1       188       188                  
   189  6.8383             1       189       189                  
   190  6.8521             1       190       190                  
   191  6.8978             1       191       191                  
   192  6.9499             1       192       192                  
   193  7.0186             1       193       193                  
   194  7.0974             1       194       194                  
   195  7.1450             1       195       195                  
   196  7.1596             1       196       196                  
   197  7.2375             1       197       197                  
   198  7.2605             1       198       198                  
   199  7.3788             1       199       199                  
   200  7.4493             1       200       200                  
   201  7.4887             1       201       201                  
   202  7.5299             1       202       202                  
   203  7.5773             1       203       203                  
   204  7.6246             1       204       204                  
   205  7.7091             1       205       205                  
   206  7.7672             1       206       206                  
   207  7.8294             1       207       207                  
   208  7.8887             1       208       208                  
   209  7.9789             1       209       209                  
   210  8.0430             1       210       210                  
   211  8.0834             1       211       211                  
   212  8.1259             1       212       212                  
   213  8.2126             1       213       213                  
   214  8.2869             1       214       214                  
   215  8.3071             1       215       215                  
   216  8.4059             1       216       216                  
   217  8.4250             1       217       217                  
   218  8.4817             1       218       218                  
   219  8.5158             1       219       219                  
   220  8.5788             1       220       220                  
   221  8.7208             1       221       221                  
   222  8.8116             1       222       222                  
   223  9.0431             1       223       223                  
   224  9.0897             1       224       224                  
   225  9.1551             1       225       225                  
   226  9.1739             1       226       226                  
   227  9.1890             1       227       227                  
   228  9.4071             1       228       228                  
   229  9.4504             1       229       229                  
   230  9.5976             1       230       230                  
   231  9.6432             1       231       231                  
   232  9.6940             1       232       232                  
   233  9.7496             1       233       233                  
   234  9.8619             1       234       234                  
   235  9.8923             1       235       235                  
   236  9.9520             1       236       236                  
   237  10.026             1       237       237                  
   238  10.114             1       238       238                  
   239  10.182             1       239       239                  
   240  10.247             1       240       240                  
   241  10.349             1       241       241                  
   242  10.383             1       242       242                  
   243  10.502             1       243       243                  
   244  10.623             1       244       244                  
   245  10.661             1       245       245                  
   246  10.707             1       246       246                  
   247  10.791             1       247       247                  
   248  10.852             1       248       248                  
   249  10.871             1       249       249                  
   250  10.972             1       250       250                  
   251  11.077             1       251       251                  
   252  11.121             1       252       252                  
   253  11.149             1       253       253                  
   254  11.221             1       254       254                  
   255  11.265             1       255       255                  
   256  11.294             1       256       256                  
   257  11.372             1       257       257                  
   258  11.382             1       258       258                  
   259  11.385             1       259       259                  
   260  11.395             1       260       260                  
   261  11.398             1       261       261                  
   262  11.407             1       262       262                  
   263  11.423             1       263       263                  
   264  11.437             1       264       264                  
   265  11.459             1       265       265                  
   266  11.535             1       266       266                  
   267  11.604             1       267       267                  
   268  11.644             1       268       268                  
   269  11.672             1       269       269                  
   270  11.708             1       270       270                  
   271  11.712             1       271       271                  
   272  11.731             1       272       272                  
   273  11.744             1       273       273                  
   274  11.796             1       274       274                  
   275  11.806             1       275       275                  
   276  11.855             1       276       276                  
   277  11.898             1       277       277                  
   278  11.933             1       278       278                  
   279  11.964             1       279       279                  
   280  11.999             1       280       280                  
   281  12.027             1       281       281                  
   282  12.033             1       282       282                  
   283  12.044             1       283       283                  
   284  12.051             1       284       284                  
   285  12.054             1       285       285                  
   286  12.068             1       286       286                  
   287  12.088             1       287       287                  
   288  12.120             1       288       288                  
   289  12.137             1       289       289                  
   290  12.192             1       290       290                  
   291  12.254             1       291       291                  
   292  12.278             1       292       292                  
   293  12.329             1       293       293                  
   294  12.347             1       294       294                  
   295  12.393             1       295       295                  
   296  12.437             1       296       296                  
   297  12.548             1       297       297                  
   298  12.555             1       298       298                  
   299  12.606             1       299       299                  
   300  12.634             1       300       300                  
   301  12.674             1       301       301                  
   302  12.703             1       302       302                  
   303  12.781             1       303       303                  
   304  12.818             1       304       304                  
   305  12.821             1       305       305                  
   306  12.835             1       306       306                  
   307  12.841             1       307       307                  
   308  12.873             1       308       308                  
   309  12.877             1       309       309                  
   310  12.925             1       310       310                  
   311  12.968             1       311       311                  
   312  12.971             1       312       312                  
   313  12.976             1       313       313                  
   314  13.002             1       314       314                  
   315  13.023             1       315       315                  
   316  13.046             1       316       316                  
   317  13.090             1       317       317                  
   318  13.099             1       318       318                  
   319  13.117             1       319       319                  
   320  13.145             1       320       320                  
   321  13.159             1       321       321                  
   322  13.187             1       322       322                  
   323  13.199             1       323       323                  
   324  13.204             1       324       324                  
   325  13.224             1       325       325                  
   326  13.231             1       326       326                  
   327  13.241             1       327       327                  
   328  13.259             1       328       328                  
   329  13.266             1       329       329                  
   330  13.290             1       330       330                  
   331  13.291             1       331       331                  
   332  13.304             1       332       332                  
   333  13.330             1       333       333                  
   334  13.336             1       334       334                  
   335  13.354             1       335       335                  
   336  13.367             1       336       336                  
   337  13.372             1       337       337                  
   338  13.381             1       338       338                  
   339  13.386             1       339       339                  
   340  13.397             1       340       340                  
   341  13.453             1       341       341                  
   342  13.459             1       342       342                  
   343  13.469             1       343       343                  
   344  13.496             1       344       344                  
   345  13.512             1       345       345                  
   346  13.520             1       346       346                  
   347  13.524             1       347       347                  
   348  13.549             1       348       348                  
   349  13.553             1       349       349                  
   350  13.571             1       350       350                  
   351  13.575             1       351       351                  
   352  13.589             1       352       352                  
   353  13.616             1       353       353                  
   354  13.655             1       354       354                  
   355  13.689             1       355       355                  
   356  13.696             1       356       356                  
   357  13.710             1       357       357                  
   358  13.763             1       358       358                  
   359  13.780             1       359       359                  
   360  13.810             1       360       360                  
   361  13.842             1       361       361                  
   362  13.858             1       362       362                  
   363  13.920             1       363       363                  
   364  13.962             1       364       364                  
   365  13.983             1       365       365                  
   366  14.015             1       366       366                  
   367  14.036             1       367       367                  
   368  14.078             1       368       368                  
   369  14.113             1       369       369                  
   370  14.125             1       370       370                  
   371  14.196             1       371       371                  
   372  14.219             1       372       372                  
   373  14.240             1       373       373                  
   374  14.249             1       374       374                  
   375  14.266             1       375       375                  
   376  14.314             1       376       376                  
   377  14.325             1       377       377                  
   378  14.334             1       378       378                  
   379  14.376             1       379       379                  
   380  14.393             1       380       380                  
   381  14.430             1       381       381                  
   382  14.443             1       382       382                  
   383  14.449             1       383       383                  
   384  14.449             1       384       384                  
   385  14.455             1       385       385                  
   386  14.481             1       386       386                  
   387  14.523             1       387       387                  
   388  14.618             1       388       388                  
   389  14.630             1       389       389                  
   390  14.653             1       390       390                  
   391  14.682             1       391       391                  
   392  14.734             1       392       392                  
   393  14.776             1       393       393                  
   394  14.821             1       394       394                  
   395  14.882             1       395       395                  
   396  14.948             1       396       396                  
   397  15.003             1       397       397                  
   398  15.045             1       398       398                  
   399  15.090             1       399       399                  
   400  15.132             1       400       400                  
   401  15.146             1       401       401                  
   402  15.219             1       402       402                  
   403  15.231             1       403       403                  
   404  15.252             1       404       404                  
   405  15.283             1       405       405                  
   406  15.336             1       406       406                  
   407  15.361             1       407       407                  
   408  15.382             1       408       408                  
   409  15.452             1       409       409                  
   410  15.531             1       410       410                  
   411  15.556             1       411       411                  
   412  15.594             1       412       412                  
   413  15.600             1       413       413                  
   414  15.634             1       414       414                  
   415  15.639             1       415       415                  
   416  15.699             1       416       416                  
   417  15.776             1       417       417                  
   418  15.817             1       418       418                  
   419  15.846             1       419       419                  
   420  15.872             1       420       420                  
   421  15.933             1       421       421                  
   422  15.955             1       422       422                  
   423  15.985             1       423       423                  
   424  16.033             1       424       424                  
   425  16.089             1       425       425                  
   426  16.134             1       426       426                  
   427  16.163             1       427       427                  
   428  16.164             1       428       428                  
   429  16.186             1       429       429                  
   430  16.232             1       430       430                  
   431  16.246             1       431       431                  
   432  16.294             1       432       432                  
   433  16.343             1       433       433                  
   434  16.374             1       434       434                  
   435  16.398             1       435       435                  
   436  16.440             1       436       436                  
   437  16.514             1       437       437                  
   438  16.522             1       438       438                  
   439  16.545             1       439       439                  
   440  16.566             1       440       440                  
   441  16.595             1       441       441                  
   442  16.611             1       442       442                  
   443  16.611             1       443       443                  
   444  16.671             1       444       444                  
   445  16.678             1       445       445                  
   446  16.765             1       446       446                  
   447  16.815             1       447       447                  
   448  16.871             1       448       448                  
   449  16.920             1       449       449                  
   450  16.926             1       450       450                  
   451  16.960             1       451       451                  
   452  17.114             1       452       452                  
   453  17.143             1       453       453                  
   454  17.214             1       454       454                  
   455  17.234             1       455       455                  
   456  17.271             1       456       456                  
   457  17.374             1       457       457                  
   458  17.386             1       458       458                  
   459  17.420             1       459       459                  
   460  17.479             1       460       460                  
   461  17.513             1       461       461                  
   462  17.533             1       462       462                  
   463  17.574             1       463       463                  
   464  17.649             1       464       464                  
   465  17.701             1       465       465                  
   466  17.754             1       466       466                  
   467  17.815             1       467       467                  
   468  17.827             1       468       468                  
   469  17.860             1       469       469                  
   470  17.861             1       470       470                  
   471  17.887             1       471       471                  
   472  17.891             1       472       472                  
   473  17.897             1       473       473                  
   474  17.915             1       474       474                  
   475  17.939             1       475       475                  
   476  17.956             1       476       476                  
   477  17.966             1       477       477                  
   478  17.997             1       478       478                  
   479  18.022             1       479       479                  
   480  18.071             1       480       480                  
   481  18.079             1       481       481                  
   482  18.098             1       482       482                  
   483  18.119             1       483       483                  
   484  18.157             1       484       484                  
   485  18.214             1       485       485                  
   486  18.308             1       486       486                  
   487  18.331             1       487       487                  
   488  18.438             1       488       488                  
   489  18.611             1       489       489                  
   490  18.638             1       490       490                  
   491  18.648             1       491       491                  
   492  18.683             1       492       492                  
   493  18.728             1       493       493                  
   494  18.819             1       494       494                  
   495  18.860             1       495       495                  
   496  18.912             1       496       496                  
   497  18.979             1       497       497                  
   498  19.053             1       498       498                  
   499  19.106             1       499       499                  
   500  19.254             1       500       500                  
   501  19.342             1       501       501                  
   502  19.417             1       502       502                  
   503  19.444             1       503       503                  
   504  19.475             1       504       504                  
   505  19.487             1       505       505                  
   506  19.595             1       506       506                  
   507  19.715             1       507       507                  
   508  19.867             1       508       508                  
   509  19.975             1       509       509                  
   510  19.998             1       510       510                  
   511  20.031             1       511       511                  
   512  20.151             1       512       512                  
   513  20.216             1       513       513                  
   514  20.284             1       514       514                  
   515  20.343             1       515       515                  
   516  20.409             1       516       516                  
   517  20.429             1       517       517                  
   518  20.499             1       518       518                  
   519  20.543             1       519       519                  
   520  20.610             1       520       520                  
   521  20.795             1       521       521                  
   522  20.841             1       522       522                  
   523  20.945             1       523       523                  
   524  20.967             1       524       524                  
   525  21.172             1       525       525                  
   526  21.239             1       526       526                  
   527  21.250             1       527       527                  
   528  21.276             1       528       528                  
   529  21.307             1       529       529                  
   530  21.489             1       530       530                  
   531  21.502             1       531       531                  
   532  21.532             1       532       532                  
   533  21.553             1       533       533                  
   534  21.566             1       534       534                  
   535  21.602             1       535       535                  
   536  21.719             1       536       536                  
   537  21.773             1       537       537                  
   538  21.800             1       538       538                  
   539  21.987             1       539       539                  
   540  22.023             1       540       540                  
   541  22.129             1       541       541                  
   542  22.489             1       542       542                  
   543  23.249             1       543       543                  
   544  24.515             1       544       544                  
   545  25.115             1       545       545                  
   546  28.609             1       546       546                  
   547  28.611             1       547       547                  
   548  30.622             1       548       548                  
   549  37.281             1       549       549                  
   550  38.020             1       550       550                  
   551  38.296             1       551       551                  
   552  38.296             1       552       552                  

